


ARM Macro Assembler    Page 1 


    1 00000000         ; generated by Component: ARM Compiler 5.06 update 7 (bu
                       ild 960) Tool: ArmCC [4d365d]
    2 00000000         ; commandline ArmCC [--debug -c -S -o..\obj\core_cm3.s -
                       -depend=..\obj\core_cm3.d --cpu=Cortex-M3 --apcs=interwo
                       rk -O0 --diag_suppress=9931 -I..\User -I..\MiniBalance_C
                       OER -I..\STM32F10x_FWLib\inc -I..\MiniBalance_HARDWARE -
                       I..\SYSTEM -I..\SYSTEM\delay -I..\SYSTEM\sys -I..\SYSTEM
                       \usart -I..\MiniBalance_HARDWARE\DMP -I..\MiniBalance_HA
                       RDWARE\IIC -I..\MiniBalance_HARDWARE\ENCODER -I..\MiniBa
                       lance_HARDWARE\OLED -I..\MiniBalance\show -I..\MiniBalan
                       ce_HARDWARE\LED -I..\MiniBalance_HARDWARE\KEY -I..\MiniB
                       alance_HARDWARE\ADC -I..\MiniBalance_HARDWARE\MOTOR -I..
                       \MiniBalance_HARDWARE\TIMER -I..\MiniBalance_HARDWARE\EX
                       TI -I..\MiniBalance\DataScope_DP -I..\MiniBalance\filter
                        -I..\MiniBalance_HARDWARE\STMFLASH -I..\MiniBalance_HAR
                       DWARE\USARTX -I..\MiniBalance_HARDWARE\NRF24L01 -I..\Min
                       iBalance_HARDWARE\SPI -I..\MiniBalance_HARDWARE\CAN -I..
                       \MiniBalance_HARDWARE\PS2 -I..\MiniBalance_HARDWARE\MPU9
                       250 -ID:\Arm\Packs\Keil\STM32F1xx_DFP\2.3.0\Device\Inclu
                       de -D__UVISION_VERSION=535 -DSTM32F10X_HD -DSTM32F10X_ -
                       DHD -DUSE_STDPERIPH_DRIVER --omf_browse=..\obj\core_cm3.
                       crf ..\MiniBalance_COER\core_cm3.c]
    3 00000000                 THUMB
    4 00000000                 PRESERVE8
    5 00000000         
    6 00000000                 AREA             ||.arm_vfe_header||, DATA, READ
ONLY, NOALLOC, ALIGN=2
    7 00000000         
    8 00000000 00000000        DCD              0x00000000
    9 00000004         
   10 00000004         ;*** Start embedded assembler ***
   11 00000004         
   12 00000004         #line   1                "..\\MiniBalance_COER\\core_cm3
.c"
    1 00000004                 AREA             ||.emb_text||, CODE
    2 00000000                 THUMB
    3 00000000                 EXPORT           |__get_PSP|
    4 00000000         #line   58
   58 00000000         |__get_PSP|
                               PROC
   59 00000000         #line   59
   59 00000000         
   60 00000000 F3EF 8009       mrs              r0, psp
   61 00000004 4770            bx               lr
   62 00000006                 ENDP
   63 00000006                 AREA             ||.emb_text||, CODE
   64 00000006                 THUMB
   65 00000006                 EXPORT           |__set_PSP|
   66 00000006         #line   72
   72 00000006         |__set_PSP|
                               PROC
   73 00000006         #line   73
   73 00000006         
   74 00000006 F380 8809       msr              psp, r0
   75 0000000A 4770            bx               lr
   76 0000000C                 ENDP
   77 0000000C                 AREA             ||.emb_text||, CODE
   78 0000000C                 THUMB
   79 0000000C                 EXPORT           |__get_MSP|



ARM Macro Assembler    Page 2 


   80 0000000C         #line   86
   86 0000000C         |__get_MSP|
                               PROC
   87 0000000C         #line   87
   87 0000000C         
   88 0000000C F3EF 8008       mrs              r0, msp
   89 00000010 4770            bx               lr
   90 00000012                 ENDP
   91 00000012                 AREA             ||.emb_text||, CODE
   92 00000012                 THUMB
   93 00000012                 EXPORT           |__set_MSP|
   94 00000012         #line   100
  100 00000012         |__set_MSP|
                               PROC
  101 00000012         #line   101
  101 00000012         
  102 00000012 F380 8808       msr              msp, r0
  103 00000016 4770            bx               lr
  104 00000018                 ENDP
  105 00000018                 AREA             ||.emb_text||, CODE
  106 00000018                 THUMB
  107 00000018                 EXPORT           |__REV16|
  108 00000018         #line   114
  114 00000018         |__REV16|
                               PROC
  115 00000018         #line   115
  115 00000018         
  116 00000018 BA40            rev16            r0, r0
  117 0000001A 4770            bx               lr
  118 0000001C                 ENDP
  119 0000001C                 AREA             ||.emb_text||, CODE
  120 0000001C                 THUMB
  121 0000001C                 EXPORT           |__REVSH|
  122 0000001C         #line   128
  128 0000001C         |__REVSH|
                               PROC
  129 0000001C         #line   129
  129 0000001C         
  130 0000001C BAC0            revsh            r0, r0
  131 0000001E 4770            bx               lr
  132 00000020                 ENDP
  133 00000020         
  134 00000020         ;*** End   embedded assembler ***
  135 00000020         
  136 00000020                 IMPORT           ||Lib$$Request$$armlib|| [CODE,
WEAK]
  137 00000020         
  138 00000020                 ATTR             FILESCOPE
  139 00000020                 ATTR             SETVALUE Tag_ABI_PCS_wchar_t,2
  140 00000020                 ATTR             SETVALUE Tag_ABI_enum_size,1
  141 00000020                 ATTR             SETVALUE Tag_ABI_optimization_g
oals,6
  142 00000020                 ATTR             SETSTRING Tag_conformance,"2.09
"
  143 00000020                 ATTR             SETVALUE AV,18,1
  144 00000020         
  145 00000020                 ASSERT           {ENDIAN} = "little"
  146 00000020                 ASSERT           {INTER} = {TRUE}
  147 00000020                 ASSERT           {ROPI} = {FALSE}



ARM Macro Assembler    Page 3 


  148 00000020                 ASSERT           {RWPI} = {FALSE}
  149 00000020                 ASSERT           {IEEE_FULL} = {FALSE}
  150 00000020                 ASSERT           {IEEE_PART} = {FALSE}
  151 00000020                 ASSERT           {IEEE_JAVA} = {FALSE}
  152 00000020                 END
Command Line: --debug --xref --diag_suppress=9931 --cpu=Cortex-M3 --apcs=interw
ork -o..\obj\core_cm3.o -ID:\Arm\Packs\Keil\STM32F1xx_DFP\2.3.0\Device\Include 
--predefine="__UVISION_VERSION SETA 535" --predefine="STM32F10X_HD SETA 1" --li
st=.\core_cm3.lst ..\obj\core_cm3.s



ARM Macro Assembler    Page 1 Alphabetic symbol ordering
Relocatable symbols

|.arm_vfe_header| 00000000

Symbol: |.arm_vfe_header|
   Definitions
      At line 6 in file ..\obj\core_cm3.s
   Uses
      None
Comment: |.arm_vfe_header| unused
1 symbol



ARM Macro Assembler    Page 1 Alphabetic symbol ordering
Relocatable symbols

__REV16 00000018

Symbol: __REV16
   Definitions
      At line 114 in file ..\\MiniBalance_COER\\core_cm3.c
   Uses
      At line 107 in file ..\\MiniBalance_COER\\core_cm3.c
Comment: __REV16 used once
__REVSH 0000001C

Symbol: __REVSH
   Definitions
      At line 128 in file ..\\MiniBalance_COER\\core_cm3.c
   Uses
      At line 121 in file ..\\MiniBalance_COER\\core_cm3.c
Comment: __REVSH used once
__get_MSP 0000000C

Symbol: __get_MSP
   Definitions
      At line 86 in file ..\\MiniBalance_COER\\core_cm3.c
   Uses
      At line 79 in file ..\\MiniBalance_COER\\core_cm3.c
Comment: __get_MSP used once
__get_PSP 00000000

Symbol: __get_PSP
   Definitions
      At line 58 in file ..\\MiniBalance_COER\\core_cm3.c
   Uses
      At line 3 in file ..\\MiniBalance_COER\\core_cm3.c
Comment: __get_PSP used once
__set_MSP 00000012

Symbol: __set_MSP
   Definitions
      At line 100 in file ..\\MiniBalance_COER\\core_cm3.c
   Uses
      At line 93 in file ..\\MiniBalance_COER\\core_cm3.c
Comment: __set_MSP used once
__set_PSP 00000006

Symbol: __set_PSP
   Definitions
      At line 72 in file ..\\MiniBalance_COER\\core_cm3.c
   Uses
      At line 65 in file ..\\MiniBalance_COER\\core_cm3.c
Comment: __set_PSP used once
|.emb_text| 00000000

Symbol: |.emb_text|
   Definitions
      At line 1 in file ..\\MiniBalance_COER\\core_cm3.c
   Uses
      None
Comment: |.emb_text| unused
7 symbols



ARM Macro Assembler    Page 1 Alphabetic symbol ordering
External symbols

|Lib$$Request$$armlib| 00000000

Symbol: |Lib$$Request$$armlib|
   Definitions
      At line 136 in file ..\\MiniBalance_COER\\core_cm3.c
   Uses
      None
Comment: |Lib$$Request$$armlib| unused
1 symbol
341 symbols in table
